0 info it worked if it ends with ok
1 verbose cli [ 'C:\\Tools\\nodejs\\\\node.exe',
1 verbose cli   'C:\\Tools\\nodejs\\node_modules\\npm\\bin\\npm-cli.js',
1 verbose cli   'install',
1 verbose cli   'mongodb',
1 verbose cli   '--save' ]
2 info using npm@1.4.3
3 info using node@v0.10.26
4 verbose node symlink C:\Tools\nodejs\\node.exe
5 verbose readDependencies using package.json deps
6 verbose cache add [ 'mongodb@0.9.x', null ]
7 verbose cache add name=undefined spec="mongodb@0.9.x" args=["mongodb@0.9.x",null]
8 verbose parsed url { protocol: null,
8 verbose parsed url   slashes: null,
8 verbose parsed url   auth: null,
8 verbose parsed url   host: null,
8 verbose parsed url   port: null,
8 verbose parsed url   hostname: null,
8 verbose parsed url   hash: null,
8 verbose parsed url   search: null,
8 verbose parsed url   query: null,
8 verbose parsed url   pathname: 'mongodb@0.9.x',
8 verbose parsed url   path: 'mongodb@0.9.x',
8 verbose parsed url   href: 'mongodb@0.9.x' }
9 verbose cache add name="mongodb" spec="0.9.x" args=["mongodb","0.9.x"]
10 verbose parsed url { protocol: null,
10 verbose parsed url   slashes: null,
10 verbose parsed url   auth: null,
10 verbose parsed url   host: null,
10 verbose parsed url   port: null,
10 verbose parsed url   hostname: null,
10 verbose parsed url   hash: null,
10 verbose parsed url   search: null,
10 verbose parsed url   query: null,
10 verbose parsed url   pathname: '0.9.x',
10 verbose parsed url   path: '0.9.x',
10 verbose parsed url   href: '0.9.x' }
11 verbose addNamed [ 'mongodb', '0.9.x' ]
12 verbose addNamed [ null, '>=0.9.0-0 <0.10.0-0' ]
13 silly lockFile 0456cd7f-mongodb-0-9-x mongodb@0.9.x
14 verbose lock mongodb@0.9.x C:\Users\molson\AppData\Roaming\npm-cache\0456cd7f-mongodb-0-9-x.lock
15 silly addNameRange { name: 'mongodb', range: '>=0.9.0-0 <0.10.0-0', hasData: false }
16 verbose url raw mongodb
17 verbose url resolving [ 'https://registry.npmjs.org/', './mongodb' ]
18 verbose url resolved https://registry.npmjs.org/mongodb
19 info trying registry request attempt 1 at 22:14:24
20 verbose etag "3C27OEENN0CGJ2T79M04Y50V6"
21 http GET https://registry.npmjs.org/mongodb
22 http 200 https://registry.npmjs.org/mongodb
23 silly registry.get cb [ 200,
23 silly registry.get   { date: 'Thu, 03 Jul 2014 03:14:24 GMT',
23 silly registry.get     server: 'CouchDB/1.5.0 (Erlang OTP/R16B03)',
23 silly registry.get     etag: '"7W9WCPRDCE08ZNWOEA0K4JMIX"',
23 silly registry.get     'content-type': 'application/json',
23 silly registry.get     'cache-control': 'max-age=30',
23 silly registry.get     'content-length': '338873',
23 silly registry.get     'accept-ranges': 'bytes',
23 silly registry.get     via: '1.1 varnish',
23 silly registry.get     age: '225',
23 silly registry.get     'x-served-by': 'cache-dfw1835-DFW',
23 silly registry.get     'x-cache': 'HIT',
23 silly registry.get     'x-cache-hits': '1',
23 silly registry.get     'x-timer': 'S1404357264.722840,VS0,VE48',
23 silly registry.get     vary: 'Accept',
23 silly registry.get     'keep-alive': 'timeout=10, max=50',
23 silly registry.get     connection: 'Keep-Alive' } ]
24 silly addNameRange number 2 { name: 'mongodb', range: '>=0.9.0-0 <0.10.0-0', hasData: true }
25 silly addNameRange versions [ 'mongodb',
25 silly addNameRange   [ '0.9.4',
25 silly addNameRange     '0.9.4-4',
25 silly addNameRange     '0.9.3',
25 silly addNameRange     '0.9.1',
25 silly addNameRange     '0.9.2',
25 silly addNameRange     '0.9.6-7',
25 silly addNameRange     '0.9.6-8',
25 silly addNameRange     '0.9.6-9',
25 silly addNameRange     '0.9.6-10',
25 silly addNameRange     '0.9.6-11',
25 silly addNameRange     '0.9.6-12',
25 silly addNameRange     '0.9.6-13',
25 silly addNameRange     '0.9.6-14',
25 silly addNameRange     '0.9.6-15',
25 silly addNameRange     '0.9.6-16',
25 silly addNameRange     '0.9.6-17',
25 silly addNameRange     '0.9.6-18',
25 silly addNameRange     '0.9.6-19',
25 silly addNameRange     '0.9.6-20',
25 silly addNameRange     '0.9.6-21',
25 silly addNameRange     '0.9.6-22',
25 silly addNameRange     '0.9.6-23',
25 silly addNameRange     '0.9.7',
25 silly addNameRange     '0.9.7-0',
25 silly addNameRange     '0.9.7-1',
25 silly addNameRange     '0.9.7-1.1',
25 silly addNameRange     '0.9.7-1.2',
25 silly addNameRange     '0.9.7-1.3',
25 silly addNameRange     '0.9.7-1.4',
25 silly addNameRange     '0.9.7-2',
25 silly addNameRange     '0.9.7-2-1',
25 silly addNameRange     '0.9.7-2-2',
25 silly addNameRange     '0.9.7-2-3',
25 silly addNameRange     '0.9.7-2-4',
25 silly addNameRange     '0.9.7-2-5',
25 silly addNameRange     '0.9.7-3',
25 silly addNameRange     '0.9.7-3-1',
25 silly addNameRange     '0.9.7-3-2',
25 silly addNameRange     '0.9.7-3-3',
25 silly addNameRange     '0.9.7-3-4',
25 silly addNameRange     '0.9.7-3-5',
25 silly addNameRange     '0.9.8',
25 silly addNameRange     '0.9.8-1',
25 silly addNameRange     '0.9.8-2',
25 silly addNameRange     '0.9.8-3',
25 silly addNameRange     '0.9.8-4',
25 silly addNameRange     '0.9.8-5',
25 silly addNameRange     '0.9.8-6',
25 silly addNameRange     '0.9.8-7',
25 silly addNameRange     '0.9.9',
25 silly addNameRange     '0.9.9-1',
25 silly addNameRange     '0.9.9-2',
25 silly addNameRange     '0.9.9-3',
25 silly addNameRange     '0.9.9-4',
25 silly addNameRange     '0.9.9-5',
25 silly addNameRange     '0.9.9-6',
25 silly addNameRange     '0.9.9-7',
25 silly addNameRange     '0.9.9-8',
25 silly addNameRange     '1.0.0',
25 silly addNameRange     '1.0.1',
25 silly addNameRange     '1.0.2',
25 silly addNameRange     '1.1.0-beta',
25 silly addNameRange     '1.1.0',
25 silly addNameRange     '1.1.1',
25 silly addNameRange     '1.1.2',
25 silly addNameRange     '1.1.3',
25 silly addNameRange     '1.1.4',
25 silly addNameRange     '1.1.5',
25 silly addNameRange     '1.1.6',
25 silly addNameRange     '1.1.7',
25 silly addNameRange     '1.1.8',
25 silly addNameRange     '1.1.9',
25 silly addNameRange     '1.1.10',
25 silly addNameRange     '1.1.11',
25 silly addNameRange     '1.2.0',
25 silly addNameRange     '1.2.1',
25 silly addNameRange     '1.2.2',
25 silly addNameRange     '1.2.3',
25 silly addNameRange     '1.2.4',
25 silly addNameRange     '1.2.5',
25 silly addNameRange     '1.2.6',
25 silly addNameRange     '1.2.7',
25 silly addNameRange     '1.2.8',
25 silly addNameRange     '1.2.9',
25 silly addNameRange     '1.2.10',
25 silly addNameRange     '1.2.11',
25 silly addNameRange     '1.2.12',
25 silly addNameRange     '1.2.13',
25 silly addNameRange     '1.2.14',
25 silly addNameRange     '1.3.0',
25 silly addNameRange     '1.3.1',
25 silly addNameRange     '1.3.2',
25 silly addNameRange     '1.3.3',
25 silly addNameRange     '1.3.4',
25 silly addNameRange     '1.3.5',
25 silly addNameRange     '1.3.6',
25 silly addNameRange     '1.3.7',
25 silly addNameRange     '1.3.8',
25 silly addNameRange     '1.3.9',
25 silly addNameRange     '1.3.10',
25 silly addNameRange     '1.3.11',
25 silly addNameRange     '1.3.12',
25 silly addNameRange     '1.3.14',
25 silly addNameRange     '1.3.15',
25 silly addNameRange     '1.3.17',
25 silly addNameRange     '1.3.18',
25 silly addNameRange     '1.3.19',
25 silly addNameRange     '1.4.0-rc2',
25 silly addNameRange     '1.3.20',
25 silly addNameRange     '1.4.0-rc3',
25 silly addNameRange     '1.3.21',
25 silly addNameRange     '1.3.22',
25 silly addNameRange     '1.3.23',
25 silly addNameRange     '1.4.0-rc4',
25 silly addNameRange     '1.4.0-rc5',
25 silly addNameRange     '1.4.0-rc6',
25 silly addNameRange     '1.4.0-rc7',
25 silly addNameRange     '1.4.0-rc8',
25 silly addNameRange     '1.4.0-rc9',
25 silly addNameRange     '1.4.0-rc10',
25 silly addNameRange     '1.4.0',
25 silly addNameRange     '1.4.1',
25 silly addNameRange     '1.4.2',
25 silly addNameRange     '1.4.3',
25 silly addNameRange     '1.4.4',
25 silly addNameRange     '1.4.5',
25 silly addNameRange     '1.4.6',
25 silly addNameRange     '1.4.7' ] ]
26 verbose addNamed [ 'mongodb', '0.9.9' ]
27 verbose addNamed [ '0.9.9', '0.9.9' ]
28 silly lockFile 4443a141-mongodb-0-9-9 mongodb@0.9.9
29 verbose lock mongodb@0.9.9 C:\Users\molson\AppData\Roaming\npm-cache\4443a141-mongodb-0-9-9.lock
30 silly lockFile 4443a141-mongodb-0-9-9 mongodb@0.9.9
31 silly lockFile 4443a141-mongodb-0-9-9 mongodb@0.9.9
32 silly lockFile 0456cd7f-mongodb-0-9-x mongodb@0.9.x
33 silly lockFile 0456cd7f-mongodb-0-9-x mongodb@0.9.x
34 silly resolved [ { name: 'mongodb',
34 silly resolved     description: 'A node.js driver for MongoDB',
34 silly resolved     keywords: [ 'mongodb', 'mongo', 'driver', 'db' ],
34 silly resolved     version: '0.9.9',
34 silly resolved     author: { name: 'Christian Amor Kvalheim', email: 'christkv@gmail.com' },
34 silly resolved     contributors:
34 silly resolved      [ [Object],
34 silly resolved        [Object],
34 silly resolved        [Object],
34 silly resolved        [Object],
34 silly resolved        [Object],
34 silly resolved        [Object],
34 silly resolved        [Object],
34 silly resolved        [Object],
34 silly resolved        [Object],
34 silly resolved        [Object],
34 silly resolved        [Object],
34 silly resolved        [Object],
34 silly resolved        [Object],
34 silly resolved        [Object],
34 silly resolved        [Object],
34 silly resolved        [Object],
34 silly resolved        [Object],
34 silly resolved        [Object],
34 silly resolved        [Object],
34 silly resolved        [Object],
34 silly resolved        [Object],
34 silly resolved        [Object],
34 silly resolved        [Object],
34 silly resolved        [Object],
34 silly resolved        [Object],
34 silly resolved        [Object],
34 silly resolved        [Object],
34 silly resolved        [Object],
34 silly resolved        [Object],
34 silly resolved        [Object],
34 silly resolved        [Object],
34 silly resolved        [Object],
34 silly resolved        [Object],
34 silly resolved        [Object],
34 silly resolved        [Object],
34 silly resolved        [Object],
34 silly resolved        [Object],
34 silly resolved        [Object],
34 silly resolved        [Object],
34 silly resolved        [Object],
34 silly resolved        [Object],
34 silly resolved        [Object],
34 silly resolved        [Object],
34 silly resolved        [Object],
34 silly resolved        [Object],
34 silly resolved        [Object],
34 silly resolved        [Object],
34 silly resolved        [Object],
34 silly resolved        [Object] ],
34 silly resolved     repository:
34 silly resolved      { type: 'git',
34 silly resolved        url: 'http://github.com/christkv/node-mongodb-native.git' },
34 silly resolved     bugs: { url: 'http://github.com/christkv/node-mongodb-native/issues' },
34 silly resolved     os: [ 'linux', 'darwin', 'freebsd' ],
34 silly resolved     devDependencies:
34 silly resolved      { dox: '0.1.3',
34 silly resolved        'uglify-js': '1.2.5',
34 silly resolved        ejs: '0.6.1',
34 silly resolved        nodeunit: '0.6.4',
34 silly resolved        markdown: '0.3.1' },
34 silly resolved     config: { native: false },
34 silly resolved     main: './lib/mongodb/index',
34 silly resolved     directories: { lib: './lib/mongodb' },
34 silly resolved     engines: { node: '>=0.4.0' },
34 silly resolved     scripts: { install: 'node install.js' },
34 silly resolved     licenses: [ [Object] ],
34 silly resolved     readme: 'Install\n========\n\nTo install the most recent release from npm, run:\n\n    npm install mongodb\n    \nThat may give you a warning telling you that bugs[\'web\'] should be bugs[\'url\'], it would be safe to ignore it (this has been fixed in the development version) \n\nTo install from the latest from the repository, run::\n\n    npm install path/to/node-mongodb-native\n\nCommunity\n========\nCheck out the google group [node-mongodb-native](http://groups.google.com/group/node-mongodb-native) for questions/answers from users of the driver.\n\nIntroduction\n========\n\nThis is a node.js driver for MongoDB. It\'s a port (or close to a port) of the library for ruby at http://github.com/mongodb/mongo-ruby-driver/.\n\nA simple example of inserting a document.\n\n    var client = new Db(\'test\', new Server("127.0.0.1", 27017, {})),\n        test = function (err, collection) {\n          collection.insert({a:2}, function(err, docs) {\n\n            collection.count(function(err, count) {\n              test.assertEquals(1, count);\n            });\n\n            // Locate all the entries using find\n            collection.find().toArray(function(err, results) {\n              test.assertEquals(1, results.length);\n              test.assertTrue(results.a === 2);\n\n              // Let\'s close the db\n              client.close();\n            });\n          });\n        };\n\n    client.open(function(err, p_client) {\n      client.collection(\'test_insert\', test);\n    });\n\nData types\n========\n\nTo store and retrieve the non-JSON MongoDb primitives ([ObjectID](http://www.mongodb.org/display/DOCS/Object+IDs), Long, Binary, [Timestamp](http://www.mongodb.org/display/DOCS/Timestamp+data+type), [DBRef](http://www.mongodb.org/display/DOCS/Database+References#DatabaseReferences-DBRef), Code).\n\nIn particular, every document has a unique `_id` which can be almost any type, and by default a 12-byte ObjectID is created. ObjectIDs can be represented as 24-digit hexadecimal strings, but you must convert the string back into an ObjectID before you can use it in the database. For example: \n\n    // Get the objectID type\n    var ObjectID = require(\'mongodb\').ObjectID;\n    \n    var idString = \'4e4e1638c85e808431000003\';\n    collection.findOne({_id: new ObjectID(idString)}, console.log)  // ok\n    collection.findOne({_id: idString}, console.log)  // wrong! callback gets undefined\n\nHere are the constructors the non-Javascript BSON primitive types:\n\n    // Fetch the library\n    var mongo = require(\'mongodb\');\n    // Create new instances of BSON types\n    new mongo.Long(numberString)\n    new mongo.ObjectID(hexString)\n    new mongo.Timestamp()  // the actual unique number is generated on insert.\n    new mongo.DBRef(collectionName, id, dbName)\n    new mongo.Binary(buffer)  // takes a string or Buffer\n    new mongo.Code(code, [context])\n    new mongo.Symbol(string)\n    new mongo.MinKey()\n    new mongo.MaxKey()\n    new mongo.Double(number)\t// Force double storage\n\nThe C/C++ bson parser/serializer\n--------\n\nFrom V0.8.0 to V0.9.6.9, the Javascript bson parser was slower than an optional C/C++ bson parser. As of V0.9.6.9+, due to performance improvements in the Javascript parser, the C/C++ parser is deprecated and is not installed by default anymore.\n\nIf you are running a version of this library has the C/C++ parser compiled, to enable the driver to use the C/C++ bson parser pass it the option native_parser:true like below\n\n    // using Deprecated native_parser:\n    var client = new Db(\'integration_tests_20\',\n                        new Server("127.0.0.1", 27017),\n                        {native_parser:true});\n\nThe C++ parser uses the js objects both for serialization and deserialization.\n\nGitHub information\n========\n\nThe source code is available at http://github.com/christkv/node-mongodb-native.\nYou can either clone the repository or download a tarball of the latest release.\n\nOnce you have the source you can test the driver by running\n\n    $ make test\n\nin the main directory. You will need to have a mongo instance running on localhost for the integration tests to pass.\n\nExamples\n========\n\nFor examples look in the examples/ directory. You can execute the examples using node.\n\n    $ cd examples\n    $ node queries.js\n\nGridStore\n=========\n\nThe GridStore class allows for storage of binary files in mongoDB using the mongoDB defined files and chunks collection definition.\n\nFor more information have a look at [Gridstore](https://github.com/christkv/node-mongodb-native/blob/master/docs/gridfs.md)\n\nReplicasets\n===========\nFor more information about how to connect to a replicaset have a look at [Replicasets](https://github.com/christkv/node-mongodb-native/blob/master/docs/replicaset.md)\n\nPrimary Key Factories\n--------\n\nDefining your own primary key factory allows you to generate your own series of id\'s\n(this could f.ex be to use something like ISBN numbers). The generated the id needs to be a 12 byte long "string".\n\nSimple example below\n\n    // Custom factory (need to provide a 12 byte array);\n    CustomPKFactory = function() {}\n    CustomPKFactory.prototype = new Object();\n    CustomPKFactory.createPk = function() {\n      return new ObjectID("aaaaaaaaaaaa");\n    }\n\n    var p_client = new Db(\'integration_tests_20\', new Server("127.0.0.1", 27017, {}), {\'pk\':CustomPKFactory});\n    p_client.open(function(err, p_client) {\n      p_client.dropDatabase(function(err, done) {\n        p_client.createCollection(\'test_custom_key\', function(err, collection) {\n          collection.insert({\'a\':1}, function(err, docs) {\n            collection.find({\'_id\':new ObjectID("aaaaaaaaaaaa")}, function(err, cursor) {\n              cursor.toArray(function(err, items) {\n                test.assertEquals(1, items.length);\n\n                // Let\'s close the db\n                p_client.close();\n              });\n            });\n          });\n        });\n      });\n    });\n\nStrict mode\n--------\n\nEach database has an optional strict mode. If it is set then asking for a collection\nthat does not exist will return an Error object in the callback. Similarly if you\nattempt to create a collection that already exists. Strict is provided for convenience.\n\n    var error_client = new Db(\'integration_tests_\', new Server("127.0.0.1", 27017, {auto_reconnect: false}), {strict:true});    \n      test.assertEquals(true, error_client.strict);\n      \n      error_client.open(function(err, error_client) {\n      error_client.collection(\'does-not-exist\', function(err, collection) {\n        test.assertTrue(err instanceof Error);\n        test.assertEquals("Collection does-not-exist does not exist. Currently in strict mode.", err.message);\n      });\n\n      error_client.createCollection(\'test_strict_access_collection\', function(err, collection) {\n        error_client.collection(\'test_strict_access_collection\', function(err, collection) {\n          test.assertTrue(collection instanceof Collection);\n          // Let\'s close the db\n          error_client.close();\n        });\n      });\n    });\n\nDocumentation\n========\n\nIf this document doesn\'t answer your questions, see the source of\n[Collection](https://github.com/christkv/node-mongodb-native/blob/master/lib/mongodb/collection.js)\nor [Cursor](https://github.com/christkv/node-mongodb-native/blob/master/lib/mongodb/cursor.js),\nor the documentation at MongoDB for query and update formats.\n\nFind\n--------\n\nThe find method is actually a factory method to create\nCursor objects. A Cursor lazily uses the connection the first time\nyou call `nextObject`, `each`, or `toArray`.\n\nThe basic operation on a cursor is the `nextObject` method\nthat fetches the next matching document from the database. The convenience\nmethods `each` and `toArray` call `nextObject` until the cursor is exhausted.\n\nSignatures:\n\n    var cursor = collection.find(query, [fields], options);\n    cursor.sort(fields).limit(n).skip(m).\n\n    cursor.nextObject(function(err, doc) {});\n    cursor.each(function(err, doc) {});\n    cursor.toArray(function(err, docs) {});\n\n    cursor.rewind()  // reset the cursor to its initial state.\n\nUseful chainable methods of cursor. These can optionally be options of `find` instead of method calls:\n\n* `.limit(n).skip(m)` to control paging.\n* `.sort(fields)` Order by the given fields. There are several equivalent syntaxes:\n  * `.sort({field1: -1, field2: 1})` descending by field1, then ascending by field2.\n  * `.sort([[\'field1\', \'desc\'], [\'field2\', \'asc\']])` same as above\n  * `.sort([[\'field1\', \'desc\'], \'field2\'])` same as above\n  * `.sort(\'field1\')` ascending by field1\n\nOther options of `find`:\n\n* `fields` the fields to fetch (to avoid transferring the entire document)\n* `tailable` if true, makes the cursor [tailable](http://www.mongodb.org/display/DOCS/Tailable+Cursors).\n* `batchSize` The number of the subset of results to request the database\nto return for every request. This should initially be greater than 1 otherwise\nthe database will automatically close the cursor. The batch size can be set to 1\nwith `batchSize(n, function(err){})` after performing the initial query to the database.\n* `hint` See [Optimization: hint](http://www.mongodb.org/display/DOCS/Optimization#Optimization-Hint).\n* `explain` turns this into an explain query. You can also call\n`explain()` on any cursor to fetch the explanation.\n* `snapshot` prevents documents that are updated while the query is active\nfrom being returned multiple times. See more\n[details about query snapshots](http://www.mongodb.org/display/DOCS/How+to+do+Snapshotted+Queries+in+the+Mongo+Database).\n* `timeout` if false, asks MongoDb not to time out this cursor after an\ninactivity period.\n\n\nFor information on how to create queries, see the\n[MongoDB section on querying](http://www.mongodb.org/display/DOCS/Querying).\n\n    var mongodb = require(\'mongodb\');\n    var server = new mongodb.Server("127.0.0.1", 27017, {});\n    new mongodb.Db(\'test\', server, {}).open(function (error, client) {\n      if (error) throw error;\n      var collection = new mongodb.Collection(client, \'test_collection\');\n      collection.find({}, {limit:10}).toArray(function(err, docs) {\n        console.dir(docs);\n      });\n    });\n\nInsert\n--------\n\nSignature:\n\n    collection.insert(docs, options, [callback]);\n\nwhere `docs` can be a single document or an array of documents.\n\nUseful options:\n\n* `safe:true` Should always set if you have a callback.\n\nSee also: [MongoDB docs for insert](http://www.mongodb.org/display/DOCS/Inserting).\n\n    var mongodb = require(\'mongodb\');\n    var server = new mongodb.Server("127.0.0.1", 27017, {});\n    new mongodb.Db(\'test\', server, {}).open(function (error, client) {\n      if (error) throw error;\n      var collection = new mongodb.Collection(client, \'test_collection\');\n      collection.insert({hello: \'world\'}, {safe:true},\n                        function(err, objects) {\n        if (err) console.warn(err.message);\n        if (err && err.message.indexOf(\'E11000 \') !== -1) {\n          // this _id was already inserted in the database\n        }\n      });\n    });\n\nNote that there\'s no reason to pass a callback to the insert or update commands\nunless you use the `safe:true` option. If you don\'t specify `safe:true`, then\nyour callback will be called immediately.\n\nUpdate; update and insert (upsert)\n--------\n\nThe update operation will update the first document that matches your query\n(or all documents that match if you use `multi:true`).\nIf `safe:true`, `upsert` is not set, and no documents match, your callback\nwill be given an error.\n\nSee the [MongoDB docs](http://www.mongodb.org/display/DOCS/Updating) for\nthe modifier (`$inc`, `$set`, `$push`, etc.) formats.\n\nSignature:\n\n    collection.update(criteria, objNew, options, [callback]);\n\nUseful options:\n\n* `safe:true` Should always set if you have a callback.\n* `multi:true` If set, all matching documents are updated, not just the first.\n* `upsert:true` Atomically inserts the document if no documents matched.\n\nExample for `update`:\n\n    var mongodb = require(\'mongodb\');\n    var server = new mongodb.Server("127.0.0.1", 27017, {});\n    new mongodb.Db(\'test\', server, {}).open(function (error, client) {\n      if (error) throw error;\n      var collection = new mongodb.Collection(client, \'test_collection\');\n      collection.update({hi: \'here\'}, {$set: {hi: \'there\'}}, {safe:true},\n                        function(err) {\n        if (err) console.warn(err.message);\n        else console.log(\'successfully updated\');\n      });\n    });\n\nFind and modify\n--------\n\n`findAndModify` is like `update`, but it also gives the updated document to\nyour callback. But there are a few key differences between findAndModify and\nupdate:\n\n  1. The signatures differ.\n  2. You can only findAndModify a single item, not multiple items.\n\nSignature:\n\n    collection.findAndModify(query, sort, update, options, callback)\n\nThe sort parameter is used to specify which object to operate on, if more than\none document matches. It takes the same format as the cursor sort (see\nConnection.find above).\n\nSee the\n[MongoDB docs for findAndModify](http://www.mongodb.org/display/DOCS/findAndModify+Command)\nfor more details.\n\nUseful options:\n\n* `remove:true` set to a true to remove the object before returning\n* `new:true` set to true if you want to return the modified object rather than the original. Ignored for remove.\n* `upsert:true` Atomically inserts the document if no documents matched.\n\nExample for `findAndModify`:\n\n    var mongodb = require(\'mongodb\');\n    var server = new mongodb.Server("127.0.0.1", 27017, {});\n    new mongodb.Db(\'test\', server, {}).open(function (error, client) {\n      if (error) throw error;\n      var collection = new mongodb.Collection(client, \'test_collection\');\n      collection.findAndModify({hello: \'world\'}, [[\'_id\',\'asc\']], {$set: {hi: \'there\'}}, {},\n                        function(err, object) {\n        if (err) console.warn(err.message);\n        else console.dir(object);  // undefined if no matching object exists.\n      });\n    });\n\nSave\n--------\n\nThe `save` method is a shorthand for upsert if the document contains an\n`_id`, or an insert if there is no `_id`.\n\nSponsors\n========\nJust as Felix Geisendörfer I\'m also working on the driver for my own startup and this driver is a big project that also benefits other companies who are using MongoDB.\n\nIf your company could benefit from a even better-engineered node.js mongodb driver I would appreciate any type of sponsorship you may be able to provide. All the sponsors will get a lifetime display in this readme, priority support and help on problems and votes on the roadmap decisions for the driver. If you are interested contact me on [christkv AT g m a i l.com](mailto:christkv@gmail.com) for details.\n\nAnd I\'m very thankful for code contributions. If you are interested in working on features please contact me so we can discuss API design and testing.\n\nRelease Notes\n=============\n\nSee HISTORY\n\nCredits\n========\n\n1. [10gen](http://github.com/mongodb/mongo-ruby-driver/)\n2. [Google Closure Library](http://code.google.com/closure/library/)\n3. [Jonas Raoni Soares Silva](http://jsfromhell.com/classes/binary-parser)\n\nContributors\n=============\n\nAaron Heckmann, Christoph Pojer, Pau Ramon Revilla, Nathan White, Emmerman, Seth LaForge, Boris Filipov, Stefan Schärmeli, Tedde Lundgren, renctan, Sergey Ukustov, Ciaran Jessup, kuno, srimonti, Erik Abele, Pratik Daga, Slobodan Utvic, Kristina Chodorow, Yonathan Randolph, Brian Noguchi, Sam Epstein, James Harrison Fisher, Vladimir Dronnikov, Ben Hockey, Henrik Johansson, Simon Weare, Alex Gorbatchev, Shimon Doodkin, Kyle Mueller, Eran Hammer-Lahav, Marcin Ciszak, François de Metz, Vinay Pulim, nstielau, Adam Wiggins, entrinzikyl, Jeremy Selier, Ian Millington, Public Keating, andrewjstone, Christopher Stott, Corey Jewett, brettkiefer, Rob Holland, Senmiao Liu, heroic, gitfy\n\nLicense\n========\n\n Copyright 2009 - 2010 Christian Amor Kvalheim.\n\n   Licensed under the Apache License, Version 2.0 (the "License");\n   you may not use this file except in compliance with the License.\n   You may obtain a copy of the License at\n\n       http://www.apache.org/licenses/LICENSE-2.0\n\n   Unless required by applicable law or agreed to in writing, software\n   distributed under the License is distributed on an "AS IS" BASIS,\n   WITHOUT WARRANTIES OR CONDITIONS OF ANY KIND, either express or implied.\n   See the License for the specific language governing permissions and\n   limitations under the License.\n\n',
34 silly resolved     readmeFilename: 'Readme.md',
34 silly resolved     homepage: 'https://github.com/christkv/node-mongodb-native',
34 silly resolved     _id: 'mongodb@0.9.9',
34 silly resolved     _from: 'mongodb@0.9.x' } ]
35 info install mongodb@0.9.9 into c:\nodeapps\quote
36 info installOne mongodb@0.9.9
37 error notsup Unsupported
37 error notsup Not compatible with your operating system or architecture: mongodb@0.9.9
37 error notsup Valid OS:    linux,darwin,freebsd
37 error notsup Valid Arch:  any
37 error notsup Actual OS:   win32
37 error notsup Actual Arch: x64
38 error System Windows_NT 6.1.7601
39 error command "C:\\Tools\\nodejs\\\\node.exe" "C:\\Tools\\nodejs\\node_modules\\npm\\bin\\npm-cli.js" "install" "mongodb" "--save"
40 error cwd c:\nodeapps\quote
41 error node -v v0.10.26
42 error npm -v 1.4.3
43 error code EBADPLATFORM
44 verbose exit [ 1, true ]
